===== CPU and Memory Usage =====
top - 16:21:44 up 10 min,  1 user,  load average: 0.00, 0.09, 0.06
Tasks: 105 total,   1 running, 104 sleeping,   0 stopped,   0 zombie
%Cpu(s):  0.0 us,  0.0 sy,  0.0 ni, 40.0 id, 52.0 wa,  0.0 hi,  0.0 si,  8.0 st 
MiB Mem :    957.4 total,    171.7 free,    357.9 used,    595.5 buff/cache     
MiB Swap:      0.0 total,      0.0 free,      0.0 used.    599.5 avail Mem 

===== Top 5 CPU-consuming Processes =====
    PID    PPID CMD                         %MEM %CPU
      1       0 /sbin/init                   1.3  0.2
    601       1 /usr/lib/snapd/snapd         3.3  0.1
    951       1 /snap/amazon-ssm-agent/9881  1.9  0.0
    195       1 /usr/lib/systemd/systemd-ud  0.8  0.0
    125       1 /usr/lib/systemd/systemd-jo  1.4  0.0

===== Disk Usage (/ /var /home) =====
Filesystem      Size  Used Avail Use% Mounted on
/dev/root       6.8G  2.3G  4.5G  34% /
/dev/root       6.8G  2.3G  4.5G  34% /
/dev/root       6.8G  2.3G  4.5G  34% /

===== Network Interfaces and IPs =====
lo               UNKNOWN        127.0.0.1/8 ::1/128 
enX0             UP             172.31.10.105/20 metric 100 fe80::868:f9ff:fe28:2c95/64 

